[2022-01-12 14:54:52,063][root][INFO] - args.local_rank -1
[2022-01-12 14:54:52,063][root][INFO] - WORLD_SIZE None
[2022-01-12 14:54:52,064][root][INFO] - Initialized host 0de619824160 as d.rank -1 on device=cuda, n_gpu=4, world size=1
[2022-01-12 14:54:52,064][root][INFO] - 16-bits training: False 
[2022-01-12 14:54:52,064][root][INFO] - CFG (after gpu  configuration):
[2022-01-12 14:54:52,069][root][INFO] - encoder:
  encoder_model_type: hf_bert
  pretrained_model_cfg: bert-base-uncased
  pretrained_file: null
  projection_dim: 0
  sequence_length: 256
  dropout: 0.1
  fix_ctx_encoder: false
  pretrained: true
datasets:
  nq_test:
    _target_: dpr.data.retriever_data.CsvQASrc
    file: data.retriever.qas.nq-test
  nq_train:
    _target_: dpr.data.retriever_data.CsvQASrc
    file: data.retriever.qas.nq-train
  nq_dev:
    _target_: dpr.data.retriever_data.CsvQASrc
    file: data.retriever.qas.nq-dev
  trivia_test:
    _target_: dpr.data.retriever_data.CsvQASrc
    file: data.retriever.qas.trivia-test
  trivia_train:
    _target_: dpr.data.retriever_data.CsvQASrc
    file: data.retriever.qas.trivia-train
  trivia_dev:
    _target_: dpr.data.retriever_data.CsvQASrc
    file: data.retriever.qas.trivia-dev
  webq_test:
    _target_: dpr.data.retriever_data.CsvQASrc
    file: data.retriever.qas.webq-test
  curatedtrec_test:
    _target_: dpr.data.retriever_data.CsvQASrc
    file: data.retriever.qas.curatedtrec-test
ctx_sources:
  dpr_wiki:
    _target_: dpr.data.retriever_data.CsvCtxSrc
    file: data.wikipedia_split.psgs_w100
    id_prefix: 'wiki:'
indexers:
  flat:
    _target_: dpr.indexer.faiss_indexers.DenseFlatIndexer
  hnsw:
    _target_: dpr.indexer.faiss_indexers.DenseHNSWFlatIndexer
  hnsw_sq:
    _target_: dpr.indexer.faiss_indexers.DenseHNSWSQIndexer
qa_dataset: nq_test
ctx_datatsets:
- dpr_wiki
encoded_ctx_files:
- /data1/jongho/nq/embeddings/*
out_file: ./nq_eval
match: string
n_docs: 100
validation_workers: 16
batch_size: 128
do_lower_case: true
encoder_path: null
index_path: null
kilt_out_file: null
model_file: /root/DPR/outputs/2022-01-11/10-39-38/nq_out/dpr_biencoder.35
validate_as_tables: false
rpc_retriever_cfg_file: null
indexer: flat
special_tokens: null
local_rank: -1
global_loss_buf_sz: 150000
device: cuda
distributed_world_size: 1
no_cuda: false
n_gpu: 4
fp16: false
fp16_opt_level: O1

[2022-01-12 14:54:52,069][root][INFO] - Reading saved model from /root/DPR/outputs/2022-01-11/10-39-38/nq_out/dpr_biencoder.35
[2022-01-12 14:54:53,580][root][INFO] - model_state_dict keys dict_keys(['model_dict', 'optimizer_dict', 'scheduler_dict', 'offset', 'epoch', 'encoder_params'])
[2022-01-12 14:54:53,588][transformers.file_utils][INFO] - PyTorch version 1.10.1 available.
[2022-01-12 14:54:54,757][transformers.configuration_utils][INFO] - loading configuration file https://s3.amazonaws.com/models.huggingface.co/bert/bert-base-uncased-config.json from cache at /root/.cache/torch/transformers/4dad0251492946e18ac39290fcfe91b89d370fee250efe9521476438fe8ca185.7156163d5fdc189c3016baca0775ffce230789d7fa2a42ef516483e4ca884517
[2022-01-12 14:54:54,758][transformers.configuration_utils][INFO] - Model config BertConfig {
  "architectures": [
    "BertForMaskedLM"
  ],
  "attention_probs_dropout_prob": 0.1,
  "gradient_checkpointing": false,
  "hidden_act": "gelu",
  "hidden_dropout_prob": 0.1,
  "hidden_size": 768,
  "initializer_range": 0.02,
  "intermediate_size": 3072,
  "layer_norm_eps": 1e-12,
  "max_position_embeddings": 512,
  "model_type": "bert",
  "num_attention_heads": 12,
  "num_hidden_layers": 12,
  "pad_token_id": 0,
  "type_vocab_size": 2,
  "vocab_size": 30522
}

[2022-01-12 14:54:54,952][transformers.modeling_utils][INFO] - loading weights file https://cdn.huggingface.co/bert-base-uncased-pytorch_model.bin from cache at /root/.cache/torch/transformers/f2ee78bdd635b758cc0a12352586868bef80e47401abe4c4fcc3832421e7338b.36ca03ab34a1a5d5fa7bc3d03d55c4fa650fed07220e2eeebc06ce58d0e9a157
[2022-01-12 14:54:57,450][transformers.modeling_utils][INFO] - All model checkpoint weights were used when initializing HFBertEncoder.

[2022-01-12 14:54:57,451][transformers.modeling_utils][INFO] - All the weights of HFBertEncoder were initialized from the model checkpoint at bert-base-uncased.
If your task is similar to the task the model of the ckeckpoint was trained on, you can already use HFBertEncoder for predictions without further training.
[2022-01-12 14:54:58,289][transformers.configuration_utils][INFO] - loading configuration file https://s3.amazonaws.com/models.huggingface.co/bert/bert-base-uncased-config.json from cache at /root/.cache/torch/transformers/4dad0251492946e18ac39290fcfe91b89d370fee250efe9521476438fe8ca185.7156163d5fdc189c3016baca0775ffce230789d7fa2a42ef516483e4ca884517
[2022-01-12 14:54:58,290][transformers.configuration_utils][INFO] - Model config BertConfig {
  "architectures": [
    "BertForMaskedLM"
  ],
  "attention_probs_dropout_prob": 0.1,
  "gradient_checkpointing": false,
  "hidden_act": "gelu",
  "hidden_dropout_prob": 0.1,
  "hidden_size": 768,
  "initializer_range": 0.02,
  "intermediate_size": 3072,
  "layer_norm_eps": 1e-12,
  "max_position_embeddings": 512,
  "model_type": "bert",
  "num_attention_heads": 12,
  "num_hidden_layers": 12,
  "pad_token_id": 0,
  "type_vocab_size": 2,
  "vocab_size": 30522
}

[2022-01-12 14:54:58,351][transformers.modeling_utils][INFO] - loading weights file https://cdn.huggingface.co/bert-base-uncased-pytorch_model.bin from cache at /root/.cache/torch/transformers/f2ee78bdd635b758cc0a12352586868bef80e47401abe4c4fcc3832421e7338b.36ca03ab34a1a5d5fa7bc3d03d55c4fa650fed07220e2eeebc06ce58d0e9a157
[2022-01-12 14:55:00,807][transformers.modeling_utils][INFO] - All model checkpoint weights were used when initializing HFBertEncoder.

[2022-01-12 14:55:00,807][transformers.modeling_utils][INFO] - All the weights of HFBertEncoder were initialized from the model checkpoint at bert-base-uncased.
If your task is similar to the task the model of the ckeckpoint was trained on, you can already use HFBertEncoder for predictions without further training.
[2022-01-12 14:55:01,731][transformers.tokenization_utils_base][INFO] - loading file https://s3.amazonaws.com/models.huggingface.co/bert/bert-base-uncased-vocab.txt from cache at /root/.cache/torch/transformers/26bc1ad6c0ac742e9b52263248f6d0f00068293b33709fae12320c0e35ccfbbb.542ce4285a40d23a559526243235df47c5f75c197f04f37d1a0c124c32c9a084
[2022-01-12 14:55:01,773][root][INFO] - Selecting standard question encoder
[2022-01-12 14:55:06,720][root][INFO] - Loading saved model state ...
[2022-01-12 14:55:06,720][root][INFO] - Encoder state prefix question_model.
[2022-01-12 14:55:06,907][root][INFO] - Encoder vector_size=768
[2022-01-12 14:55:06,908][root][INFO] - qa_dataset: nq_test
[2022-01-12 14:55:06,910][dpr.data.download_data][INFO] - Requested resource from https://dl.fbaipublicfiles.com/dpr/data/retriever/nq-test.qa.csv
[2022-01-12 14:55:06,910][dpr.data.download_data][INFO] - Download root_dir /root/DPR
[2022-01-12 14:55:06,910][dpr.data.download_data][INFO] - File to be downloaded as /root/DPR/downloads/data/retriever/qas/nq-test.csv
[2022-01-12 14:55:06,910][dpr.data.download_data][INFO] - File already exist /root/DPR/downloads/data/retriever/qas/nq-test.csv
[2022-01-12 14:55:06,910][dpr.data.download_data][INFO] - Loading from https://dl.fbaipublicfiles.com/dpr/nq_license/LICENSE
[2022-01-12 14:55:06,910][dpr.data.download_data][INFO] - File already exist /root/DPR/downloads/data/retriever/qas/LICENSE
[2022-01-12 14:55:06,910][dpr.data.download_data][INFO] - Loading from https://dl.fbaipublicfiles.com/dpr/nq_license/README
[2022-01-12 14:55:06,910][dpr.data.download_data][INFO] - File already exist /root/DPR/downloads/data/retriever/qas/README
[2022-01-12 14:55:06,947][root][INFO] - Index class <class 'dpr.indexer.faiss_indexers.DenseFlatIndexer'> 
[2022-01-12 14:55:06,948][root][INFO] - Using special token None
[2022-01-12 14:55:31,201][root][INFO] - Encoded queries 3200
[2022-01-12 14:55:32,532][root][INFO] - Total encoded queries tensor torch.Size([3610, 768])
[2022-01-12 14:55:32,533][root][INFO] - id_prefixes per dataset: ['wiki:']
[2022-01-12 14:55:32,533][root][INFO] - ctx_files_patterns: ['/data1/jongho/nq/embeddings/*']
[2022-01-12 14:55:32,534][root][INFO] - Embeddings files id prefixes: ['wiki:', 'wiki:', 'wiki:', 'wiki:', 'wiki:', 'wiki:', 'wiki:', 'wiki:', 'wiki:', 'wiki:']
[2022-01-12 14:55:32,534][root][INFO] - Reading all passages data from files: ['/data1/jongho/nq/embeddings/dpr_biencoder.35_8', '/data1/jongho/nq/embeddings/dpr_biencoder.35_1', '/data1/jongho/nq/embeddings/dpr_biencoder.35_4', '/data1/jongho/nq/embeddings/dpr_biencoder.35_3', '/data1/jongho/nq/embeddings/dpr_biencoder.35_0', '/data1/jongho/nq/embeddings/dpr_biencoder.35_5', '/data1/jongho/nq/embeddings/dpr_biencoder.35_7', '/data1/jongho/nq/embeddings/dpr_biencoder.35_2', '/data1/jongho/nq/embeddings/dpr_biencoder.35_6', '/data1/jongho/nq/embeddings/dpr_biencoder.35_9']
[2022-01-12 14:55:32,534][root][INFO] - Reading file /data1/jongho/nq/embeddings/dpr_biencoder.35_8
[2022-01-12 14:55:39,998][root][INFO] - data indexed 50000
[2022-01-12 14:55:39,998][root][INFO] - Total data indexed 50000
[2022-01-12 14:55:40,499][root][INFO] - data indexed 100000
[2022-01-12 14:55:40,499][root][INFO] - Total data indexed 100000
[2022-01-12 14:55:40,976][root][INFO] - data indexed 150000
[2022-01-12 14:55:40,976][root][INFO] - Total data indexed 150000
[2022-01-12 14:55:41,411][root][INFO] - data indexed 200000
[2022-01-12 14:55:41,411][root][INFO] - Total data indexed 200000
[2022-01-12 14:55:42,241][root][INFO] - data indexed 250000
[2022-01-12 14:55:42,241][root][INFO] - Total data indexed 250000
[2022-01-12 14:55:42,542][root][INFO] - data indexed 300000
[2022-01-12 14:55:42,542][root][INFO] - Total data indexed 300000
[2022-01-12 14:55:42,989][root][INFO] - data indexed 350000
[2022-01-12 14:55:42,989][root][INFO] - Total data indexed 350000
[2022-01-12 14:55:43,293][root][INFO] - data indexed 400000
[2022-01-12 14:55:43,293][root][INFO] - Total data indexed 400000
[2022-01-12 14:55:44,507][root][INFO] - data indexed 450000
[2022-01-12 14:55:44,508][root][INFO] - Total data indexed 450000
[2022-01-12 14:55:44,812][root][INFO] - data indexed 500000
[2022-01-12 14:55:44,813][root][INFO] - Total data indexed 500000
[2022-01-12 14:55:45,257][root][INFO] - data indexed 550000
[2022-01-12 14:55:45,257][root][INFO] - Total data indexed 550000
[2022-01-12 14:55:45,557][root][INFO] - data indexed 600000
[2022-01-12 14:55:45,557][root][INFO] - Total data indexed 600000
[2022-01-12 14:55:46,006][root][INFO] - data indexed 650000
[2022-01-12 14:55:46,007][root][INFO] - Total data indexed 650000
[2022-01-12 14:55:46,307][root][INFO] - data indexed 700000
[2022-01-12 14:55:46,307][root][INFO] - Total data indexed 700000
[2022-01-12 14:55:46,759][root][INFO] - data indexed 750000
[2022-01-12 14:55:46,759][root][INFO] - Total data indexed 750000
[2022-01-12 14:55:47,063][root][INFO] - data indexed 800000
[2022-01-12 14:55:47,063][root][INFO] - Total data indexed 800000
[2022-01-12 14:55:49,031][root][INFO] - data indexed 850000
[2022-01-12 14:55:49,032][root][INFO] - Total data indexed 850000
[2022-01-12 14:55:49,333][root][INFO] - data indexed 900000
[2022-01-12 14:55:49,333][root][INFO] - Total data indexed 900000
[2022-01-12 14:55:49,792][root][INFO] - data indexed 950000
[2022-01-12 14:55:49,792][root][INFO] - Total data indexed 950000
[2022-01-12 14:55:50,257][root][INFO] - data indexed 1000000
[2022-01-12 14:55:50,258][root][INFO] - Total data indexed 1000000
[2022-01-12 14:55:50,562][root][INFO] - data indexed 1050000
[2022-01-12 14:55:50,563][root][INFO] - Total data indexed 1050000
[2022-01-12 14:55:51,025][root][INFO] - data indexed 1100000
[2022-01-12 14:55:51,025][root][INFO] - Total data indexed 1100000
[2022-01-12 14:55:51,330][root][INFO] - data indexed 1150000
[2022-01-12 14:55:51,330][root][INFO] - Total data indexed 1150000
[2022-01-12 14:55:51,794][root][INFO] - data indexed 1200000
[2022-01-12 14:55:51,794][root][INFO] - Total data indexed 1200000
[2022-01-12 14:55:52,097][root][INFO] - data indexed 1250000
[2022-01-12 14:55:52,097][root][INFO] - Total data indexed 1250000
[2022-01-12 14:55:52,565][root][INFO] - data indexed 1300000
[2022-01-12 14:55:52,565][root][INFO] - Total data indexed 1300000
[2022-01-12 14:55:52,866][root][INFO] - data indexed 1350000
[2022-01-12 14:55:52,866][root][INFO] - Total data indexed 1350000
[2022-01-12 14:55:53,338][root][INFO] - data indexed 1400000
[2022-01-12 14:55:53,338][root][INFO] - Total data indexed 1400000
[2022-01-12 14:55:53,642][root][INFO] - data indexed 1450000
[2022-01-12 14:55:53,642][root][INFO] - Total data indexed 1450000
[2022-01-12 14:55:54,116][root][INFO] - data indexed 1500000
[2022-01-12 14:55:54,116][root][INFO] - Total data indexed 1500000
[2022-01-12 14:55:54,418][root][INFO] - data indexed 1550000
[2022-01-12 14:55:54,418][root][INFO] - Total data indexed 1550000
[2022-01-12 14:55:54,891][root][INFO] - data indexed 1600000
[2022-01-12 14:55:54,891][root][INFO] - Total data indexed 1600000
[2022-01-12 14:55:58,206][root][INFO] - data indexed 1650000
[2022-01-12 14:55:58,206][root][INFO] - Total data indexed 1650000
[2022-01-12 14:55:58,689][root][INFO] - data indexed 1700000
[2022-01-12 14:55:58,689][root][INFO] - Total data indexed 1700000
[2022-01-12 14:55:59,173][root][INFO] - data indexed 1750000
[2022-01-12 14:55:59,173][root][INFO] - Total data indexed 1750000
[2022-01-12 14:55:59,480][root][INFO] - data indexed 1800000
[2022-01-12 14:55:59,480][root][INFO] - Total data indexed 1800000
[2022-01-12 14:55:59,965][root][INFO] - data indexed 1850000
[2022-01-12 14:55:59,965][root][INFO] - Total data indexed 1850000
[2022-01-12 14:56:00,275][root][INFO] - data indexed 1900000
[2022-01-12 14:56:00,275][root][INFO] - Total data indexed 1900000
[2022-01-12 14:56:00,758][root][INFO] - data indexed 1950000
[2022-01-12 14:56:00,758][root][INFO] - Total data indexed 1950000
[2022-01-12 14:56:01,062][root][INFO] - data indexed 2000000
[2022-01-12 14:56:01,062][root][INFO] - Total data indexed 2000000
[2022-01-12 14:56:01,546][root][INFO] - data indexed 2050000
[2022-01-12 14:56:01,547][root][INFO] - Total data indexed 2050000
[2022-01-12 14:56:01,850][root][INFO] - data indexed 2100000
[2022-01-12 14:56:01,850][root][INFO] - Total data indexed 2100000
[2022-01-12 14:56:01,855][root][INFO] - Reading file /data1/jongho/nq/embeddings/dpr_biencoder.35_1
[2022-01-12 14:56:20,851][root][INFO] - data indexed 2150000
[2022-01-12 14:56:20,851][root][INFO] - Total data indexed 2150000
[2022-01-12 14:56:21,295][root][INFO] - data indexed 2200000
[2022-01-12 14:56:21,295][root][INFO] - Total data indexed 2200000
[2022-01-12 14:56:21,541][root][INFO] - data indexed 2250000
[2022-01-12 14:56:21,541][root][INFO] - Total data indexed 2250000
[2022-01-12 14:56:21,983][root][INFO] - data indexed 2300000
[2022-01-12 14:56:21,983][root][INFO] - Total data indexed 2300000
[2022-01-12 14:56:22,438][root][INFO] - data indexed 2350000
[2022-01-12 14:56:22,438][root][INFO] - Total data indexed 2350000
[2022-01-12 14:56:22,688][root][INFO] - data indexed 2400000
[2022-01-12 14:56:22,688][root][INFO] - Total data indexed 2400000
[2022-01-12 14:56:23,140][root][INFO] - data indexed 2450000
[2022-01-12 14:56:23,141][root][INFO] - Total data indexed 2450000
[2022-01-12 14:56:23,388][root][INFO] - data indexed 2500000
[2022-01-12 14:56:23,389][root][INFO] - Total data indexed 2500000
[2022-01-12 14:56:23,845][root][INFO] - data indexed 2550000
[2022-01-12 14:56:23,846][root][INFO] - Total data indexed 2550000
[2022-01-12 14:56:24,096][root][INFO] - data indexed 2600000
[2022-01-12 14:56:24,096][root][INFO] - Total data indexed 2600000
[2022-01-12 14:56:24,553][root][INFO] - data indexed 2650000
[2022-01-12 14:56:24,553][root][INFO] - Total data indexed 2650000
[2022-01-12 14:56:24,798][root][INFO] - data indexed 2700000
[2022-01-12 14:56:24,798][root][INFO] - Total data indexed 2700000
[2022-01-12 14:56:25,257][root][INFO] - data indexed 2750000
[2022-01-12 14:56:25,257][root][INFO] - Total data indexed 2750000
[2022-01-12 14:56:25,503][root][INFO] - data indexed 2800000
[2022-01-12 14:56:25,503][root][INFO] - Total data indexed 2800000
[2022-01-12 14:56:25,959][root][INFO] - data indexed 2850000
[2022-01-12 14:56:25,960][root][INFO] - Total data indexed 2850000
[2022-01-12 14:56:26,200][root][INFO] - data indexed 2900000
[2022-01-12 14:56:26,200][root][INFO] - Total data indexed 2900000
[2022-01-12 14:56:26,656][root][INFO] - data indexed 2950000
[2022-01-12 14:56:26,657][root][INFO] - Total data indexed 2950000
[2022-01-12 14:56:26,897][root][INFO] - data indexed 3000000
[2022-01-12 14:56:26,897][root][INFO] - Total data indexed 3000000
[2022-01-12 14:56:27,356][root][INFO] - data indexed 3050000
[2022-01-12 14:56:27,356][root][INFO] - Total data indexed 3050000
[2022-01-12 14:56:27,822][root][INFO] - data indexed 3100000
[2022-01-12 14:56:27,822][root][INFO] - Total data indexed 3100000
[2022-01-12 14:56:28,063][root][INFO] - data indexed 3150000
[2022-01-12 14:56:28,063][root][INFO] - Total data indexed 3150000
[2022-01-12 14:56:28,533][root][INFO] - data indexed 3200000
[2022-01-12 14:56:28,534][root][INFO] - Total data indexed 3200000
[2022-01-12 14:56:36,636][root][INFO] - data indexed 3250000
[2022-01-12 14:56:36,636][root][INFO] - Total data indexed 3250000
[2022-01-12 14:56:37,141][root][INFO] - data indexed 3300000
[2022-01-12 14:56:37,142][root][INFO] - Total data indexed 3300000
[2022-01-12 14:56:37,386][root][INFO] - data indexed 3350000
[2022-01-12 14:56:37,386][root][INFO] - Total data indexed 3350000
[2022-01-12 14:56:37,859][root][INFO] - data indexed 3400000
[2022-01-12 14:56:37,860][root][INFO] - Total data indexed 3400000
[2022-01-12 14:56:38,106][root][INFO] - data indexed 3450000
[2022-01-12 14:56:38,106][root][INFO] - Total data indexed 3450000
[2022-01-12 14:56:38,582][root][INFO] - data indexed 3500000
[2022-01-12 14:56:38,582][root][INFO] - Total data indexed 3500000
[2022-01-12 14:56:38,829][root][INFO] - data indexed 3550000
[2022-01-12 14:56:38,830][root][INFO] - Total data indexed 3550000
[2022-01-12 14:56:39,312][root][INFO] - data indexed 3600000
[2022-01-12 14:56:39,312][root][INFO] - Total data indexed 3600000
[2022-01-12 14:56:39,555][root][INFO] - data indexed 3650000
[2022-01-12 14:56:39,555][root][INFO] - Total data indexed 3650000
[2022-01-12 14:56:40,052][root][INFO] - data indexed 3700000
[2022-01-12 14:56:40,052][root][INFO] - Total data indexed 3700000
[2022-01-12 14:56:40,294][root][INFO] - data indexed 3750000
[2022-01-12 14:56:40,294][root][INFO] - Total data indexed 3750000
[2022-01-12 14:56:40,789][root][INFO] - data indexed 3800000
[2022-01-12 14:56:40,789][root][INFO] - Total data indexed 3800000
[2022-01-12 14:56:41,280][root][INFO] - data indexed 3850000
[2022-01-12 14:56:41,280][root][INFO] - Total data indexed 3850000
[2022-01-12 14:56:41,526][root][INFO] - data indexed 3900000
[2022-01-12 14:56:41,527][root][INFO] - Total data indexed 3900000
[2022-01-12 14:56:42,029][root][INFO] - data indexed 3950000
[2022-01-12 14:56:42,029][root][INFO] - Total data indexed 3950000
[2022-01-12 14:56:42,274][root][INFO] - data indexed 4000000
[2022-01-12 14:56:42,275][root][INFO] - Total data indexed 4000000
[2022-01-12 14:56:42,773][root][INFO] - data indexed 4050000
[2022-01-12 14:56:42,773][root][INFO] - Total data indexed 4050000
[2022-01-12 14:56:43,032][root][INFO] - data indexed 4100000
[2022-01-12 14:56:43,032][root][INFO] - Total data indexed 4100000
[2022-01-12 14:56:43,534][root][INFO] - data indexed 4150000
[2022-01-12 14:56:43,534][root][INFO] - Total data indexed 4150000
[2022-01-12 14:56:43,779][root][INFO] - data indexed 4200000
[2022-01-12 14:56:43,780][root][INFO] - Total data indexed 4200000
[2022-01-12 14:56:43,786][root][INFO] - Reading file /data1/jongho/nq/embeddings/dpr_biencoder.35_4
[2022-01-12 14:56:54,675][root][INFO] - data indexed 4250000
[2022-01-12 14:56:54,675][root][INFO] - Total data indexed 4250000
[2022-01-12 14:56:55,201][root][INFO] - data indexed 4300000
[2022-01-12 14:56:55,201][root][INFO] - Total data indexed 4300000
[2022-01-12 14:56:55,457][root][INFO] - data indexed 4350000
[2022-01-12 14:56:55,457][root][INFO] - Total data indexed 4350000
[2022-01-12 14:56:55,969][root][INFO] - data indexed 4400000
[2022-01-12 14:56:55,969][root][INFO] - Total data indexed 4400000
[2022-01-12 14:56:56,495][root][INFO] - data indexed 4450000
[2022-01-12 14:56:56,496][root][INFO] - Total data indexed 4450000
[2022-01-12 14:56:56,765][root][INFO] - data indexed 4500000
[2022-01-12 14:56:56,765][root][INFO] - Total data indexed 4500000
[2022-01-12 14:56:57,325][root][INFO] - data indexed 4550000
[2022-01-12 14:56:57,325][root][INFO] - Total data indexed 4550000
[2022-01-12 14:56:57,607][root][INFO] - data indexed 4600000
[2022-01-12 14:56:57,607][root][INFO] - Total data indexed 4600000
[2022-01-12 14:56:58,166][root][INFO] - data indexed 4650000
[2022-01-12 14:56:58,166][root][INFO] - Total data indexed 4650000
[2022-01-12 14:56:58,456][root][INFO] - data indexed 4700000
[2022-01-12 14:56:58,456][root][INFO] - Total data indexed 4700000
[2022-01-12 14:56:59,017][root][INFO] - data indexed 4750000
[2022-01-12 14:56:59,017][root][INFO] - Total data indexed 4750000
[2022-01-12 14:56:59,300][root][INFO] - data indexed 4800000
[2022-01-12 14:56:59,301][root][INFO] - Total data indexed 4800000
[2022-01-12 14:56:59,863][root][INFO] - data indexed 4850000
[2022-01-12 14:56:59,863][root][INFO] - Total data indexed 4850000
[2022-01-12 14:57:00,146][root][INFO] - data indexed 4900000
[2022-01-12 14:57:00,146][root][INFO] - Total data indexed 4900000
[2022-01-12 14:57:00,711][root][INFO] - data indexed 4950000
[2022-01-12 14:57:00,711][root][INFO] - Total data indexed 4950000
[2022-01-12 14:57:00,993][root][INFO] - data indexed 5000000
[2022-01-12 14:57:00,993][root][INFO] - Total data indexed 5000000
[2022-01-12 14:57:01,564][root][INFO] - data indexed 5050000
[2022-01-12 14:57:01,564][root][INFO] - Total data indexed 5050000
[2022-01-12 14:57:01,845][root][INFO] - data indexed 5100000
[2022-01-12 14:57:01,845][root][INFO] - Total data indexed 5100000
[2022-01-12 14:57:02,416][root][INFO] - data indexed 5150000
[2022-01-12 14:57:02,416][root][INFO] - Total data indexed 5150000
[2022-01-12 14:57:02,992][root][INFO] - data indexed 5200000
[2022-01-12 14:57:02,992][root][INFO] - Total data indexed 5200000
[2022-01-12 14:57:03,279][root][INFO] - data indexed 5250000
[2022-01-12 14:57:03,279][root][INFO] - Total data indexed 5250000
[2022-01-12 14:57:03,856][root][INFO] - data indexed 5300000
[2022-01-12 14:57:03,856][root][INFO] - Total data indexed 5300000
[2022-01-12 14:57:04,141][root][INFO] - data indexed 5350000
[2022-01-12 14:57:04,141][root][INFO] - Total data indexed 5350000
[2022-01-12 14:57:04,720][root][INFO] - data indexed 5400000
[2022-01-12 14:57:04,720][root][INFO] - Total data indexed 5400000
[2022-01-12 14:57:05,007][root][INFO] - data indexed 5450000
[2022-01-12 14:57:05,007][root][INFO] - Total data indexed 5450000
[2022-01-12 14:57:05,591][root][INFO] - data indexed 5500000
[2022-01-12 14:57:05,591][root][INFO] - Total data indexed 5500000
[2022-01-12 14:57:05,877][root][INFO] - data indexed 5550000
[2022-01-12 14:57:05,877][root][INFO] - Total data indexed 5550000
[2022-01-12 14:57:06,459][root][INFO] - data indexed 5600000
[2022-01-12 14:57:06,459][root][INFO] - Total data indexed 5600000
[2022-01-12 14:57:06,760][root][INFO] - data indexed 5650000
[2022-01-12 14:57:06,760][root][INFO] - Total data indexed 5650000
[2022-01-12 14:57:07,337][root][INFO] - data indexed 5700000
[2022-01-12 14:57:07,337][root][INFO] - Total data indexed 5700000
[2022-01-12 14:57:07,616][root][INFO] - data indexed 5750000
[2022-01-12 14:57:07,616][root][INFO] - Total data indexed 5750000
[2022-01-12 14:57:08,193][root][INFO] - data indexed 5800000
[2022-01-12 14:57:08,193][root][INFO] - Total data indexed 5800000
[2022-01-12 14:57:08,473][root][INFO] - data indexed 5850000
[2022-01-12 14:57:08,473][root][INFO] - Total data indexed 5850000
[2022-01-12 14:57:09,051][root][INFO] - data indexed 5900000
[2022-01-12 14:57:09,051][root][INFO] - Total data indexed 5900000
[2022-01-12 14:57:09,645][root][INFO] - data indexed 5950000
[2022-01-12 14:57:09,645][root][INFO] - Total data indexed 5950000
[2022-01-12 14:57:09,925][root][INFO] - data indexed 6000000
[2022-01-12 14:57:09,925][root][INFO] - Total data indexed 6000000
[2022-01-12 14:57:10,523][root][INFO] - data indexed 6050000
[2022-01-12 14:57:10,523][root][INFO] - Total data indexed 6050000
[2022-01-12 14:57:10,804][root][INFO] - data indexed 6100000
[2022-01-12 14:57:10,804][root][INFO] - Total data indexed 6100000
[2022-01-12 14:57:11,397][root][INFO] - data indexed 6150000
[2022-01-12 14:57:11,397][root][INFO] - Total data indexed 6150000
[2022-01-12 14:57:11,678][root][INFO] - data indexed 6200000
[2022-01-12 14:57:11,679][root][INFO] - Total data indexed 6200000
[2022-01-12 14:57:12,273][root][INFO] - data indexed 6250000
[2022-01-12 14:57:12,273][root][INFO] - Total data indexed 6250000
[2022-01-12 14:57:12,523][root][INFO] - data indexed 6300000
[2022-01-12 14:57:12,523][root][INFO] - Total data indexed 6300000
[2022-01-12 14:57:12,530][root][INFO] - Reading file /data1/jongho/nq/embeddings/dpr_biencoder.35_3
[2022-01-12 14:57:31,473][root][INFO] - data indexed 6350000
[2022-01-12 14:57:31,473][root][INFO] - Total data indexed 6350000
[2022-01-12 14:57:32,041][root][INFO] - data indexed 6400000
[2022-01-12 14:57:32,042][root][INFO] - Total data indexed 6400000
[2022-01-12 14:57:54,783][root][INFO] - data indexed 6450000
[2022-01-12 14:57:54,784][root][INFO] - Total data indexed 6450000
[2022-01-12 14:57:55,419][root][INFO] - data indexed 6500000
[2022-01-12 14:57:55,420][root][INFO] - Total data indexed 6500000
[2022-01-12 14:57:55,694][root][INFO] - data indexed 6550000
[2022-01-12 14:57:55,695][root][INFO] - Total data indexed 6550000
[2022-01-12 14:57:56,367][root][INFO] - data indexed 6600000
[2022-01-12 14:57:56,368][root][INFO] - Total data indexed 6600000
[2022-01-12 14:57:57,026][root][INFO] - data indexed 6650000
[2022-01-12 14:57:57,026][root][INFO] - Total data indexed 6650000
[2022-01-12 14:57:57,308][root][INFO] - data indexed 6700000
[2022-01-12 14:57:57,308][root][INFO] - Total data indexed 6700000
[2022-01-12 14:57:57,988][root][INFO] - data indexed 6750000
[2022-01-12 14:57:57,988][root][INFO] - Total data indexed 6750000
[2022-01-12 14:57:58,281][root][INFO] - data indexed 6800000
[2022-01-12 14:57:58,281][root][INFO] - Total data indexed 6800000
[2022-01-12 14:57:59,012][root][INFO] - data indexed 6850000
[2022-01-12 14:57:59,012][root][INFO] - Total data indexed 6850000
[2022-01-12 14:57:59,324][root][INFO] - data indexed 6900000
[2022-01-12 14:57:59,324][root][INFO] - Total data indexed 6900000
[2022-01-12 14:57:59,959][root][INFO] - data indexed 6950000
[2022-01-12 14:57:59,959][root][INFO] - Total data indexed 6950000
[2022-01-12 14:58:00,209][root][INFO] - data indexed 7000000
[2022-01-12 14:58:00,209][root][INFO] - Total data indexed 7000000
[2022-01-12 14:58:00,794][root][INFO] - data indexed 7050000
[2022-01-12 14:58:00,794][root][INFO] - Total data indexed 7050000
[2022-01-12 14:58:01,047][root][INFO] - data indexed 7100000
[2022-01-12 14:58:01,047][root][INFO] - Total data indexed 7100000
[2022-01-12 14:58:01,636][root][INFO] - data indexed 7150000
[2022-01-12 14:58:01,636][root][INFO] - Total data indexed 7150000
[2022-01-12 14:58:01,886][root][INFO] - data indexed 7200000
[2022-01-12 14:58:01,886][root][INFO] - Total data indexed 7200000
[2022-01-12 14:58:02,483][root][INFO] - data indexed 7250000
[2022-01-12 14:58:02,484][root][INFO] - Total data indexed 7250000
[2022-01-12 14:58:02,732][root][INFO] - data indexed 7300000
[2022-01-12 14:58:02,732][root][INFO] - Total data indexed 7300000
[2022-01-12 14:58:03,333][root][INFO] - data indexed 7350000
[2022-01-12 14:58:03,333][root][INFO] - Total data indexed 7350000
[2022-01-12 14:58:03,940][root][INFO] - data indexed 7400000
[2022-01-12 14:58:03,940][root][INFO] - Total data indexed 7400000
[2022-01-12 14:58:04,191][root][INFO] - data indexed 7450000
[2022-01-12 14:58:04,191][root][INFO] - Total data indexed 7450000
[2022-01-12 14:58:04,801][root][INFO] - data indexed 7500000
[2022-01-12 14:58:04,801][root][INFO] - Total data indexed 7500000
[2022-01-12 14:58:05,081][root][INFO] - data indexed 7550000
[2022-01-12 14:58:05,081][root][INFO] - Total data indexed 7550000
[2022-01-12 14:58:05,692][root][INFO] - data indexed 7600000
[2022-01-12 14:58:05,692][root][INFO] - Total data indexed 7600000
[2022-01-12 14:58:05,945][root][INFO] - data indexed 7650000
[2022-01-12 14:58:05,945][root][INFO] - Total data indexed 7650000
[2022-01-12 14:58:06,557][root][INFO] - data indexed 7700000
[2022-01-12 14:58:06,558][root][INFO] - Total data indexed 7700000
[2022-01-12 14:58:06,809][root][INFO] - data indexed 7750000
[2022-01-12 14:58:06,810][root][INFO] - Total data indexed 7750000
[2022-01-12 14:58:07,419][root][INFO] - data indexed 7800000
[2022-01-12 14:58:07,419][root][INFO] - Total data indexed 7800000
[2022-01-12 14:58:07,666][root][INFO] - data indexed 7850000
[2022-01-12 14:58:07,666][root][INFO] - Total data indexed 7850000
[2022-01-12 14:58:08,272][root][INFO] - data indexed 7900000
[2022-01-12 14:58:08,272][root][INFO] - Total data indexed 7900000
[2022-01-12 14:58:08,519][root][INFO] - data indexed 7950000
[2022-01-12 14:58:08,519][root][INFO] - Total data indexed 7950000
[2022-01-12 14:58:09,127][root][INFO] - data indexed 8000000
[2022-01-12 14:58:09,127][root][INFO] - Total data indexed 8000000
[2022-01-12 14:58:09,373][root][INFO] - data indexed 8050000
[2022-01-12 14:58:09,374][root][INFO] - Total data indexed 8050000
[2022-01-12 14:58:09,982][root][INFO] - data indexed 8100000
[2022-01-12 14:58:09,982][root][INFO] - Total data indexed 8100000
[2022-01-12 14:58:10,608][root][INFO] - data indexed 8150000
[2022-01-12 14:58:10,608][root][INFO] - Total data indexed 8150000
[2022-01-12 14:58:10,856][root][INFO] - data indexed 8200000
[2022-01-12 14:58:10,856][root][INFO] - Total data indexed 8200000
[2022-01-12 14:58:11,483][root][INFO] - data indexed 8250000
[2022-01-12 14:58:11,484][root][INFO] - Total data indexed 8250000
[2022-01-12 14:58:11,728][root][INFO] - data indexed 8300000
[2022-01-12 14:58:11,728][root][INFO] - Total data indexed 8300000
[2022-01-12 14:58:12,357][root][INFO] - data indexed 8350000
[2022-01-12 14:58:12,357][root][INFO] - Total data indexed 8350000
[2022-01-12 14:58:12,605][root][INFO] - data indexed 8400000
[2022-01-12 14:58:12,605][root][INFO] - Total data indexed 8400000
[2022-01-12 14:58:12,613][root][INFO] - Reading file /data1/jongho/nq/embeddings/dpr_biencoder.35_0
[2022-01-12 14:58:32,178][root][INFO] - data indexed 8450000
[2022-01-12 14:58:32,178][root][INFO] - Total data indexed 8450000
[2022-01-12 14:58:32,812][root][INFO] - data indexed 8500000
[2022-01-12 14:58:32,812][root][INFO] - Total data indexed 8500000
[2022-01-12 14:58:33,057][root][INFO] - data indexed 8550000
[2022-01-12 14:58:33,057][root][INFO] - Total data indexed 8550000
[2022-01-12 14:58:33,697][root][INFO] - data indexed 8600000
[2022-01-12 14:58:33,698][root][INFO] - Total data indexed 8600000
[2022-01-12 14:58:33,946][root][INFO] - data indexed 8650000
[2022-01-12 14:58:33,946][root][INFO] - Total data indexed 8650000
[2022-01-12 14:58:34,583][root][INFO] - data indexed 8700000
[2022-01-12 14:58:34,583][root][INFO] - Total data indexed 8700000
[2022-01-12 14:58:35,223][root][INFO] - data indexed 8750000
[2022-01-12 14:58:35,223][root][INFO] - Total data indexed 8750000
[2022-01-12 14:58:35,470][root][INFO] - data indexed 8800000
[2022-01-12 14:58:35,470][root][INFO] - Total data indexed 8800000
[2022-01-12 14:58:36,114][root][INFO] - data indexed 8850000
[2022-01-12 14:58:36,114][root][INFO] - Total data indexed 8850000
[2022-01-12 14:58:36,358][root][INFO] - data indexed 8900000
[2022-01-12 14:58:36,358][root][INFO] - Total data indexed 8900000
[2022-01-12 14:58:37,007][root][INFO] - data indexed 8950000
[2022-01-12 14:58:37,007][root][INFO] - Total data indexed 8950000
[2022-01-12 14:58:37,254][root][INFO] - data indexed 9000000
[2022-01-12 14:58:37,254][root][INFO] - Total data indexed 9000000
[2022-01-12 14:58:37,905][root][INFO] - data indexed 9050000
[2022-01-12 14:58:37,905][root][INFO] - Total data indexed 9050000
[2022-01-12 14:58:38,150][root][INFO] - data indexed 9100000
[2022-01-12 14:58:38,150][root][INFO] - Total data indexed 9100000
[2022-01-12 14:58:38,804][root][INFO] - data indexed 9150000
[2022-01-12 14:58:38,804][root][INFO] - Total data indexed 9150000
[2022-01-12 14:58:39,051][root][INFO] - data indexed 9200000
[2022-01-12 14:58:39,051][root][INFO] - Total data indexed 9200000
[2022-01-12 14:58:39,698][root][INFO] - data indexed 9250000
[2022-01-12 14:58:39,699][root][INFO] - Total data indexed 9250000
[2022-01-12 14:58:39,947][root][INFO] - data indexed 9300000
[2022-01-12 14:58:39,948][root][INFO] - Total data indexed 9300000
[2022-01-12 14:58:40,593][root][INFO] - data indexed 9350000
[2022-01-12 14:58:40,593][root][INFO] - Total data indexed 9350000
[2022-01-12 14:58:40,841][root][INFO] - data indexed 9400000
[2022-01-12 14:58:40,841][root][INFO] - Total data indexed 9400000
[2022-01-12 14:58:41,489][root][INFO] - data indexed 9450000
[2022-01-12 14:58:41,489][root][INFO] - Total data indexed 9450000
[2022-01-12 14:58:42,157][root][INFO] - data indexed 9500000
[2022-01-12 14:58:42,157][root][INFO] - Total data indexed 9500000
[2022-01-12 14:58:42,399][root][INFO] - data indexed 9550000
[2022-01-12 14:58:42,400][root][INFO] - Total data indexed 9550000
[2022-01-12 14:58:43,068][root][INFO] - data indexed 9600000
[2022-01-12 14:58:43,068][root][INFO] - Total data indexed 9600000
[2022-01-12 14:58:43,312][root][INFO] - data indexed 9650000
[2022-01-12 14:58:43,313][root][INFO] - Total data indexed 9650000
[2022-01-12 14:58:43,983][root][INFO] - data indexed 9700000
[2022-01-12 14:58:43,983][root][INFO] - Total data indexed 9700000
[2022-01-12 14:58:44,228][root][INFO] - data indexed 9750000
[2022-01-12 14:58:44,228][root][INFO] - Total data indexed 9750000
[2022-01-12 14:58:44,897][root][INFO] - data indexed 9800000
[2022-01-12 14:58:44,897][root][INFO] - Total data indexed 9800000
[2022-01-12 14:58:45,138][root][INFO] - data indexed 9850000
[2022-01-12 14:58:45,138][root][INFO] - Total data indexed 9850000
[2022-01-12 14:58:45,799][root][INFO] - data indexed 9900000
[2022-01-12 14:58:45,799][root][INFO] - Total data indexed 9900000
[2022-01-12 14:58:46,049][root][INFO] - data indexed 9950000
[2022-01-12 14:58:46,049][root][INFO] - Total data indexed 9950000
[2022-01-12 14:58:46,710][root][INFO] - data indexed 10000000
[2022-01-12 14:58:46,710][root][INFO] - Total data indexed 10000000
[2022-01-12 14:58:46,955][root][INFO] - data indexed 10050000
[2022-01-12 14:58:46,956][root][INFO] - Total data indexed 10050000
[2022-01-12 14:58:47,617][root][INFO] - data indexed 10100000
[2022-01-12 14:58:47,617][root][INFO] - Total data indexed 10100000
[2022-01-12 14:58:47,862][root][INFO] - data indexed 10150000
[2022-01-12 14:58:47,862][root][INFO] - Total data indexed 10150000
[2022-01-12 14:58:48,524][root][INFO] - data indexed 10200000
[2022-01-12 14:58:48,524][root][INFO] - Total data indexed 10200000
[2022-01-12 14:58:49,207][root][INFO] - data indexed 10250000
[2022-01-12 14:58:49,208][root][INFO] - Total data indexed 10250000
[2022-01-12 14:58:49,447][root][INFO] - data indexed 10300000
[2022-01-12 14:58:49,447][root][INFO] - Total data indexed 10300000
[2022-01-12 14:58:50,130][root][INFO] - data indexed 10350000
[2022-01-12 14:58:50,130][root][INFO] - Total data indexed 10350000
[2022-01-12 14:58:50,369][root][INFO] - data indexed 10400000
[2022-01-12 14:58:50,369][root][INFO] - Total data indexed 10400000
[2022-01-12 14:58:51,052][root][INFO] - data indexed 10450000
[2022-01-12 14:58:51,052][root][INFO] - Total data indexed 10450000
[2022-01-12 14:58:51,292][root][INFO] - data indexed 10500000
[2022-01-12 14:58:51,292][root][INFO] - Total data indexed 10500000
[2022-01-12 14:58:51,301][root][INFO] - Reading file /data1/jongho/nq/embeddings/dpr_biencoder.35_5
[2022-01-12 14:59:04,316][root][INFO] - data indexed 10550000
[2022-01-12 14:59:04,316][root][INFO] - Total data indexed 10550000
[2022-01-12 14:59:04,581][root][INFO] - data indexed 10600000
[2022-01-12 14:59:04,581][root][INFO] - Total data indexed 10600000
[2022-01-12 14:59:05,285][root][INFO] - data indexed 10650000
[2022-01-12 14:59:05,285][root][INFO] - Total data indexed 10650000
[2022-01-12 14:59:06,005][root][INFO] - data indexed 10700000
[2022-01-12 14:59:06,006][root][INFO] - Total data indexed 10700000
[2022-01-12 14:59:06,268][root][INFO] - data indexed 10750000
[2022-01-12 14:59:06,268][root][INFO] - Total data indexed 10750000
[2022-01-12 14:59:06,989][root][INFO] - data indexed 10800000
[2022-01-12 14:59:06,989][root][INFO] - Total data indexed 10800000
[2022-01-12 14:59:07,255][root][INFO] - data indexed 10850000
[2022-01-12 14:59:07,256][root][INFO] - Total data indexed 10850000
[2022-01-12 14:59:07,970][root][INFO] - data indexed 10900000
[2022-01-12 14:59:07,970][root][INFO] - Total data indexed 10900000
[2022-01-12 14:59:08,233][root][INFO] - data indexed 10950000
[2022-01-12 14:59:08,233][root][INFO] - Total data indexed 10950000
[2022-01-12 14:59:08,949][root][INFO] - data indexed 11000000
[2022-01-12 14:59:08,949][root][INFO] - Total data indexed 11000000
[2022-01-12 14:59:09,233][root][INFO] - data indexed 11050000
[2022-01-12 14:59:09,233][root][INFO] - Total data indexed 11050000
[2022-01-12 14:59:09,950][root][INFO] - data indexed 11100000
[2022-01-12 14:59:09,951][root][INFO] - Total data indexed 11100000
[2022-01-12 14:59:10,213][root][INFO] - data indexed 11150000
[2022-01-12 14:59:10,213][root][INFO] - Total data indexed 11150000
[2022-01-12 14:59:10,932][root][INFO] - data indexed 11200000
[2022-01-12 14:59:10,932][root][INFO] - Total data indexed 11200000
[2022-01-12 14:59:11,196][root][INFO] - data indexed 11250000
[2022-01-12 14:59:11,196][root][INFO] - Total data indexed 11250000
[2022-01-12 14:59:11,911][root][INFO] - data indexed 11300000
[2022-01-12 14:59:11,911][root][INFO] - Total data indexed 11300000
[2022-01-12 14:59:12,170][root][INFO] - data indexed 11350000
[2022-01-12 14:59:12,170][root][INFO] - Total data indexed 11350000
[2022-01-12 14:59:12,890][root][INFO] - data indexed 11400000
[2022-01-12 14:59:12,890][root][INFO] - Total data indexed 11400000
[2022-01-12 14:59:13,622][root][INFO] - data indexed 11450000
[2022-01-12 14:59:13,622][root][INFO] - Total data indexed 11450000
[2022-01-12 14:59:13,879][root][INFO] - data indexed 11500000
[2022-01-12 14:59:13,879][root][INFO] - Total data indexed 11500000
[2022-01-12 14:59:14,613][root][INFO] - data indexed 11550000
[2022-01-12 14:59:14,614][root][INFO] - Total data indexed 11550000
[2022-01-12 14:59:14,872][root][INFO] - data indexed 11600000
[2022-01-12 14:59:14,872][root][INFO] - Total data indexed 11600000
[2022-01-12 14:59:15,607][root][INFO] - data indexed 11650000
[2022-01-12 14:59:15,607][root][INFO] - Total data indexed 11650000
[2022-01-12 14:59:15,865][root][INFO] - data indexed 11700000
[2022-01-12 14:59:15,865][root][INFO] - Total data indexed 11700000
[2022-01-12 14:59:16,598][root][INFO] - data indexed 11750000
[2022-01-12 14:59:16,598][root][INFO] - Total data indexed 11750000
[2022-01-12 14:59:16,860][root][INFO] - data indexed 11800000
[2022-01-12 14:59:16,861][root][INFO] - Total data indexed 11800000
[2022-01-12 14:59:17,595][root][INFO] - data indexed 11850000
[2022-01-12 14:59:17,595][root][INFO] - Total data indexed 11850000
[2022-01-12 14:59:17,856][root][INFO] - data indexed 11900000
[2022-01-12 14:59:17,856][root][INFO] - Total data indexed 11900000
[2022-01-12 14:59:18,589][root][INFO] - data indexed 11950000
[2022-01-12 14:59:18,589][root][INFO] - Total data indexed 11950000
[2022-01-12 14:59:18,847][root][INFO] - data indexed 12000000
[2022-01-12 14:59:18,847][root][INFO] - Total data indexed 12000000
[2022-01-12 14:59:19,581][root][INFO] - data indexed 12050000
[2022-01-12 14:59:19,581][root][INFO] - Total data indexed 12050000
[2022-01-12 14:59:19,838][root][INFO] - data indexed 12100000
[2022-01-12 14:59:19,838][root][INFO] - Total data indexed 12100000
[2022-01-12 14:59:20,573][root][INFO] - data indexed 12150000
[2022-01-12 14:59:20,574][root][INFO] - Total data indexed 12150000
[2022-01-12 14:59:21,321][root][INFO] - data indexed 12200000
[2022-01-12 14:59:21,322][root][INFO] - Total data indexed 12200000
[2022-01-12 14:59:21,580][root][INFO] - data indexed 12250000
[2022-01-12 14:59:21,580][root][INFO] - Total data indexed 12250000
[2022-01-12 14:59:22,328][root][INFO] - data indexed 12300000
[2022-01-12 14:59:22,329][root][INFO] - Total data indexed 12300000
[2022-01-12 14:59:22,588][root][INFO] - data indexed 12350000
[2022-01-12 14:59:22,589][root][INFO] - Total data indexed 12350000
[2022-01-12 14:59:23,342][root][INFO] - data indexed 12400000
[2022-01-12 14:59:23,343][root][INFO] - Total data indexed 12400000
[2022-01-12 14:59:23,605][root][INFO] - data indexed 12450000
[2022-01-12 14:59:23,605][root][INFO] - Total data indexed 12450000
[2022-01-12 14:59:24,360][root][INFO] - data indexed 12500000
[2022-01-12 14:59:24,361][root][INFO] - Total data indexed 12500000
[2022-01-12 14:59:24,624][root][INFO] - data indexed 12550000
[2022-01-12 14:59:24,624][root][INFO] - Total data indexed 12550000
[2022-01-12 14:59:25,384][root][INFO] - data indexed 12600000
[2022-01-12 14:59:25,384][root][INFO] - Total data indexed 12600000
[2022-01-12 14:59:25,400][root][INFO] - Reading file /data1/jongho/nq/embeddings/dpr_biencoder.35_7
[2022-01-12 14:59:31,831][root][INFO] - data indexed 12650000
[2022-01-12 14:59:31,831][root][INFO] - Total data indexed 12650000
[2022-01-12 14:59:32,104][root][INFO] - data indexed 12700000
[2022-01-12 14:59:32,105][root][INFO] - Total data indexed 12700000
[2022-01-12 14:59:32,884][root][INFO] - data indexed 12750000
[2022-01-12 14:59:32,884][root][INFO] - Total data indexed 12750000
[2022-01-12 14:59:33,151][root][INFO] - data indexed 12800000
[2022-01-12 14:59:33,151][root][INFO] - Total data indexed 12800000
[2022-01-12 15:00:13,721][root][INFO] - data indexed 12850000
[2022-01-12 15:00:13,721][root][INFO] - Total data indexed 12850000
[2022-01-12 15:00:14,024][root][INFO] - data indexed 12900000
[2022-01-12 15:00:14,024][root][INFO] - Total data indexed 12900000
[2022-01-12 15:00:15,090][root][INFO] - data indexed 12950000
[2022-01-12 15:00:15,090][root][INFO] - Total data indexed 12950000
[2022-01-12 15:00:15,370][root][INFO] - data indexed 13000000
[2022-01-12 15:00:15,370][root][INFO] - Total data indexed 13000000
[2022-01-12 15:00:16,160][root][INFO] - data indexed 13050000
[2022-01-12 15:00:16,160][root][INFO] - Total data indexed 13050000
[2022-01-12 15:00:16,441][root][INFO] - data indexed 13100000
[2022-01-12 15:00:16,441][root][INFO] - Total data indexed 13100000
[2022-01-12 15:00:17,229][root][INFO] - data indexed 13150000
[2022-01-12 15:00:17,230][root][INFO] - Total data indexed 13150000
[2022-01-12 15:00:18,036][root][INFO] - data indexed 13200000
[2022-01-12 15:00:18,036][root][INFO] - Total data indexed 13200000
[2022-01-12 15:00:18,318][root][INFO] - data indexed 13250000
[2022-01-12 15:00:18,318][root][INFO] - Total data indexed 13250000
[2022-01-12 15:00:19,122][root][INFO] - data indexed 13300000
[2022-01-12 15:00:19,122][root][INFO] - Total data indexed 13300000
[2022-01-12 15:00:19,404][root][INFO] - data indexed 13350000
[2022-01-12 15:00:19,404][root][INFO] - Total data indexed 13350000
[2022-01-12 15:00:20,211][root][INFO] - data indexed 13400000
[2022-01-12 15:00:20,211][root][INFO] - Total data indexed 13400000
[2022-01-12 15:00:20,493][root][INFO] - data indexed 13450000
[2022-01-12 15:00:20,493][root][INFO] - Total data indexed 13450000
[2022-01-12 15:00:21,293][root][INFO] - data indexed 13500000
[2022-01-12 15:00:21,293][root][INFO] - Total data indexed 13500000
[2022-01-12 15:00:21,576][root][INFO] - data indexed 13550000
[2022-01-12 15:00:21,576][root][INFO] - Total data indexed 13550000
[2022-01-12 15:00:22,379][root][INFO] - data indexed 13600000
[2022-01-12 15:00:22,379][root][INFO] - Total data indexed 13600000
[2022-01-12 15:00:22,659][root][INFO] - data indexed 13650000
[2022-01-12 15:00:22,659][root][INFO] - Total data indexed 13650000
[2022-01-12 15:00:23,500][root][INFO] - data indexed 13700000
[2022-01-12 15:00:23,500][root][INFO] - Total data indexed 13700000
[2022-01-12 15:00:23,801][root][INFO] - data indexed 13750000
[2022-01-12 15:00:23,802][root][INFO] - Total data indexed 13750000
[2022-01-12 15:00:24,623][root][INFO] - data indexed 13800000
[2022-01-12 15:00:24,623][root][INFO] - Total data indexed 13800000
[2022-01-12 15:00:24,922][root][INFO] - data indexed 13850000
[2022-01-12 15:00:24,922][root][INFO] - Total data indexed 13850000
[2022-01-12 15:00:25,743][root][INFO] - data indexed 13900000
[2022-01-12 15:00:25,743][root][INFO] - Total data indexed 13900000
[2022-01-12 15:00:26,592][root][INFO] - data indexed 13950000
[2022-01-12 15:00:26,592][root][INFO] - Total data indexed 13950000
[2022-01-12 15:00:26,893][root][INFO] - data indexed 14000000
[2022-01-12 15:00:26,893][root][INFO] - Total data indexed 14000000
[2022-01-12 15:00:27,782][root][INFO] - data indexed 14050000
[2022-01-12 15:00:27,782][root][INFO] - Total data indexed 14050000
[2022-01-12 15:00:28,074][root][INFO] - data indexed 14100000
[2022-01-12 15:00:28,074][root][INFO] - Total data indexed 14100000
[2022-01-12 15:00:28,894][root][INFO] - data indexed 14150000
[2022-01-12 15:00:28,894][root][INFO] - Total data indexed 14150000
[2022-01-12 15:00:29,167][root][INFO] - data indexed 14200000
[2022-01-12 15:00:29,167][root][INFO] - Total data indexed 14200000
[2022-01-12 15:00:29,984][root][INFO] - data indexed 14250000
[2022-01-12 15:00:29,984][root][INFO] - Total data indexed 14250000
[2022-01-12 15:00:30,257][root][INFO] - data indexed 14300000
[2022-01-12 15:00:30,257][root][INFO] - Total data indexed 14300000
[2022-01-12 15:00:31,081][root][INFO] - data indexed 14350000
[2022-01-12 15:00:31,081][root][INFO] - Total data indexed 14350000
[2022-01-12 15:00:31,361][root][INFO] - data indexed 14400000
[2022-01-12 15:00:31,361][root][INFO] - Total data indexed 14400000
[2022-01-12 15:00:32,186][root][INFO] - data indexed 14450000
[2022-01-12 15:00:32,187][root][INFO] - Total data indexed 14450000
[2022-01-12 15:00:32,466][root][INFO] - data indexed 14500000
[2022-01-12 15:00:32,466][root][INFO] - Total data indexed 14500000
[2022-01-12 15:00:33,292][root][INFO] - data indexed 14550000
[2022-01-12 15:00:33,292][root][INFO] - Total data indexed 14550000
[2022-01-12 15:00:33,571][root][INFO] - data indexed 14600000
[2022-01-12 15:00:33,571][root][INFO] - Total data indexed 14600000
[2022-01-12 15:00:34,398][root][INFO] - data indexed 14650000
[2022-01-12 15:00:34,398][root][INFO] - Total data indexed 14650000
[2022-01-12 15:00:35,237][root][INFO] - data indexed 14700000
[2022-01-12 15:00:35,238][root][INFO] - Total data indexed 14700000
[2022-01-12 15:00:35,249][root][INFO] - Reading file /data1/jongho/nq/embeddings/dpr_biencoder.35_2
[2022-01-12 15:00:44,434][root][INFO] - data indexed 14750000
[2022-01-12 15:00:44,435][root][INFO] - Total data indexed 14750000
[2022-01-12 15:00:45,260][root][INFO] - data indexed 14800000
[2022-01-12 15:00:45,260][root][INFO] - Total data indexed 14800000
[2022-01-12 15:00:45,514][root][INFO] - data indexed 14850000
[2022-01-12 15:00:45,515][root][INFO] - Total data indexed 14850000
[2022-01-12 15:00:46,320][root][INFO] - data indexed 14900000
[2022-01-12 15:00:46,321][root][INFO] - Total data indexed 14900000
[2022-01-12 15:00:46,574][root][INFO] - data indexed 14950000
[2022-01-12 15:00:46,574][root][INFO] - Total data indexed 14950000
[2022-01-12 15:00:47,386][root][INFO] - data indexed 15000000
[2022-01-12 15:00:47,386][root][INFO] - Total data indexed 15000000
[2022-01-12 15:00:47,636][root][INFO] - data indexed 15050000
[2022-01-12 15:00:47,637][root][INFO] - Total data indexed 15050000
[2022-01-12 15:00:48,447][root][INFO] - data indexed 15100000
[2022-01-12 15:00:48,448][root][INFO] - Total data indexed 15100000
[2022-01-12 15:00:49,276][root][INFO] - data indexed 15150000
[2022-01-12 15:00:49,276][root][INFO] - Total data indexed 15150000
[2022-01-12 15:00:49,526][root][INFO] - data indexed 15200000
[2022-01-12 15:00:49,526][root][INFO] - Total data indexed 15200000
[2022-01-12 15:00:50,354][root][INFO] - data indexed 15250000
[2022-01-12 15:00:50,355][root][INFO] - Total data indexed 15250000
[2022-01-12 15:00:50,604][root][INFO] - data indexed 15300000
[2022-01-12 15:00:50,605][root][INFO] - Total data indexed 15300000
[2022-01-12 15:00:51,427][root][INFO] - data indexed 15350000
[2022-01-12 15:00:51,427][root][INFO] - Total data indexed 15350000
[2022-01-12 15:00:51,677][root][INFO] - data indexed 15400000
[2022-01-12 15:00:51,677][root][INFO] - Total data indexed 15400000
[2022-01-12 15:00:52,523][root][INFO] - data indexed 15450000
[2022-01-12 15:00:52,523][root][INFO] - Total data indexed 15450000
[2022-01-12 15:00:52,770][root][INFO] - data indexed 15500000
[2022-01-12 15:00:52,770][root][INFO] - Total data indexed 15500000
[2022-01-12 15:00:53,597][root][INFO] - data indexed 15550000
[2022-01-12 15:00:53,597][root][INFO] - Total data indexed 15550000
[2022-01-12 15:00:53,861][root][INFO] - data indexed 15600000
[2022-01-12 15:00:53,862][root][INFO] - Total data indexed 15600000
[2022-01-12 15:00:54,713][root][INFO] - data indexed 15650000
[2022-01-12 15:00:54,713][root][INFO] - Total data indexed 15650000
[2022-01-12 15:00:54,986][root][INFO] - data indexed 15700000
[2022-01-12 15:00:54,987][root][INFO] - Total data indexed 15700000
[2022-01-12 15:00:55,834][root][INFO] - data indexed 15750000
[2022-01-12 15:00:55,835][root][INFO] - Total data indexed 15750000
[2022-01-12 15:00:56,107][root][INFO] - data indexed 15800000
[2022-01-12 15:00:56,107][root][INFO] - Total data indexed 15800000
[2022-01-12 15:00:57,002][root][INFO] - data indexed 15850000
[2022-01-12 15:00:57,002][root][INFO] - Total data indexed 15850000
[2022-01-12 15:00:57,876][root][INFO] - data indexed 15900000
[2022-01-12 15:00:57,876][root][INFO] - Total data indexed 15900000
[2022-01-12 15:00:58,153][root][INFO] - data indexed 15950000
[2022-01-12 15:00:58,153][root][INFO] - Total data indexed 15950000
[2022-01-12 15:00:59,031][root][INFO] - data indexed 16000000
[2022-01-12 15:00:59,031][root][INFO] - Total data indexed 16000000
[2022-01-12 15:00:59,306][root][INFO] - data indexed 16050000
[2022-01-12 15:00:59,306][root][INFO] - Total data indexed 16050000
[2022-01-12 15:01:00,178][root][INFO] - data indexed 16100000
[2022-01-12 15:01:00,178][root][INFO] - Total data indexed 16100000
[2022-01-12 15:01:00,447][root][INFO] - data indexed 16150000
[2022-01-12 15:01:00,447][root][INFO] - Total data indexed 16150000
[2022-01-12 15:01:01,317][root][INFO] - data indexed 16200000
[2022-01-12 15:01:01,317][root][INFO] - Total data indexed 16200000
[2022-01-12 15:01:01,585][root][INFO] - data indexed 16250000
[2022-01-12 15:01:01,586][root][INFO] - Total data indexed 16250000
[2022-01-12 15:01:02,451][root][INFO] - data indexed 16300000
[2022-01-12 15:01:02,452][root][INFO] - Total data indexed 16300000
[2022-01-12 15:01:02,720][root][INFO] - data indexed 16350000
[2022-01-12 15:01:02,720][root][INFO] - Total data indexed 16350000
[2022-01-12 15:01:03,587][root][INFO] - data indexed 16400000
[2022-01-12 15:01:03,587][root][INFO] - Total data indexed 16400000
[2022-01-12 15:01:03,856][root][INFO] - data indexed 16450000
[2022-01-12 15:01:03,856][root][INFO] - Total data indexed 16450000
[2022-01-12 15:01:04,726][root][INFO] - data indexed 16500000
[2022-01-12 15:01:04,726][root][INFO] - Total data indexed 16500000
[2022-01-12 15:01:04,992][root][INFO] - data indexed 16550000
[2022-01-12 15:01:04,992][root][INFO] - Total data indexed 16550000
[2022-01-12 15:01:05,853][root][INFO] - data indexed 16600000
[2022-01-12 15:01:05,853][root][INFO] - Total data indexed 16600000
[2022-01-12 15:01:06,728][root][INFO] - data indexed 16650000
[2022-01-12 15:01:06,728][root][INFO] - Total data indexed 16650000
[2022-01-12 15:01:06,994][root][INFO] - data indexed 16700000
[2022-01-12 15:01:06,994][root][INFO] - Total data indexed 16700000
[2022-01-12 15:01:07,877][root][INFO] - data indexed 16750000
[2022-01-12 15:01:07,877][root][INFO] - Total data indexed 16750000
[2022-01-12 15:01:08,148][root][INFO] - data indexed 16800000
[2022-01-12 15:01:08,148][root][INFO] - Total data indexed 16800000
[2022-01-12 15:01:08,160][root][INFO] - Reading file /data1/jongho/nq/embeddings/dpr_biencoder.35_6
[2022-01-12 15:01:26,033][root][INFO] - data indexed 16850000
[2022-01-12 15:01:26,033][root][INFO] - Total data indexed 16850000
[2022-01-12 15:01:26,928][root][INFO] - data indexed 16900000
[2022-01-12 15:01:26,928][root][INFO] - Total data indexed 16900000
[2022-01-12 15:01:27,206][root][INFO] - data indexed 16950000
[2022-01-12 15:01:27,206][root][INFO] - Total data indexed 16950000
[2022-01-12 15:01:28,101][root][INFO] - data indexed 17000000
[2022-01-12 15:01:28,101][root][INFO] - Total data indexed 17000000
[2022-01-12 15:01:28,378][root][INFO] - data indexed 17050000
[2022-01-12 15:01:28,378][root][INFO] - Total data indexed 17050000
[2022-01-12 15:01:29,268][root][INFO] - data indexed 17100000
[2022-01-12 15:01:29,268][root][INFO] - Total data indexed 17100000
[2022-01-12 15:01:29,546][root][INFO] - data indexed 17150000
[2022-01-12 15:01:29,547][root][INFO] - Total data indexed 17150000
[2022-01-12 15:01:30,434][root][INFO] - data indexed 17200000
[2022-01-12 15:01:30,434][root][INFO] - Total data indexed 17200000
[2022-01-12 15:01:31,351][root][INFO] - data indexed 17250000
[2022-01-12 15:01:31,351][root][INFO] - Total data indexed 17250000
[2022-01-12 15:01:31,623][root][INFO] - data indexed 17300000
[2022-01-12 15:01:31,623][root][INFO] - Total data indexed 17300000
[2022-01-12 15:01:32,535][root][INFO] - data indexed 17350000
[2022-01-12 15:01:32,536][root][INFO] - Total data indexed 17350000
[2022-01-12 15:01:32,806][root][INFO] - data indexed 17400000
[2022-01-12 15:01:32,807][root][INFO] - Total data indexed 17400000
[2022-01-12 15:01:33,707][root][INFO] - data indexed 17450000
[2022-01-12 15:01:33,707][root][INFO] - Total data indexed 17450000
[2022-01-12 15:01:33,974][root][INFO] - data indexed 17500000
[2022-01-12 15:01:33,974][root][INFO] - Total data indexed 17500000
[2022-01-12 15:01:34,870][root][INFO] - data indexed 17550000
[2022-01-12 15:01:34,870][root][INFO] - Total data indexed 17550000
[2022-01-12 15:01:35,138][root][INFO] - data indexed 17600000
[2022-01-12 15:01:35,138][root][INFO] - Total data indexed 17600000
[2022-01-12 15:01:36,040][root][INFO] - data indexed 17650000
[2022-01-12 15:01:36,041][root][INFO] - Total data indexed 17650000
[2022-01-12 15:01:36,312][root][INFO] - data indexed 17700000
[2022-01-12 15:01:36,312][root][INFO] - Total data indexed 17700000
[2022-01-12 15:01:37,366][root][INFO] - data indexed 17750000
[2022-01-12 15:01:37,367][root][INFO] - Total data indexed 17750000
[2022-01-12 15:01:37,634][root][INFO] - data indexed 17800000
[2022-01-12 15:01:37,634][root][INFO] - Total data indexed 17800000
[2022-01-12 15:01:38,658][root][INFO] - data indexed 17850000
[2022-01-12 15:01:38,658][root][INFO] - Total data indexed 17850000
[2022-01-12 15:01:38,926][root][INFO] - data indexed 17900000
[2022-01-12 15:01:38,927][root][INFO] - Total data indexed 17900000
[2022-01-12 15:01:39,858][root][INFO] - data indexed 17950000
[2022-01-12 15:01:39,858][root][INFO] - Total data indexed 17950000
[2022-01-12 15:01:40,775][root][INFO] - data indexed 18000000
[2022-01-12 15:01:40,776][root][INFO] - Total data indexed 18000000
[2022-01-12 15:01:41,043][root][INFO] - data indexed 18050000
[2022-01-12 15:01:41,043][root][INFO] - Total data indexed 18050000
[2022-01-12 15:01:41,961][root][INFO] - data indexed 18100000
[2022-01-12 15:01:41,961][root][INFO] - Total data indexed 18100000
[2022-01-12 15:01:42,231][root][INFO] - data indexed 18150000
[2022-01-12 15:01:42,231][root][INFO] - Total data indexed 18150000
[2022-01-12 15:01:43,165][root][INFO] - data indexed 18200000
[2022-01-12 15:01:43,165][root][INFO] - Total data indexed 18200000
[2022-01-12 15:01:43,434][root][INFO] - data indexed 18250000
[2022-01-12 15:01:43,434][root][INFO] - Total data indexed 18250000
[2022-01-12 15:01:44,359][root][INFO] - data indexed 18300000
[2022-01-12 15:01:44,359][root][INFO] - Total data indexed 18300000
[2022-01-12 15:01:44,628][root][INFO] - data indexed 18350000
[2022-01-12 15:01:44,628][root][INFO] - Total data indexed 18350000
[2022-01-12 15:01:45,583][root][INFO] - data indexed 18400000
[2022-01-12 15:01:45,583][root][INFO] - Total data indexed 18400000
[2022-01-12 15:01:45,881][root][INFO] - data indexed 18450000
[2022-01-12 15:01:45,881][root][INFO] - Total data indexed 18450000
[2022-01-12 15:01:46,836][root][INFO] - data indexed 18500000
[2022-01-12 15:01:46,836][root][INFO] - Total data indexed 18500000
[2022-01-12 15:01:47,128][root][INFO] - data indexed 18550000
[2022-01-12 15:01:47,128][root][INFO] - Total data indexed 18550000
[2022-01-12 15:01:48,103][root][INFO] - data indexed 18600000
[2022-01-12 15:01:48,104][root][INFO] - Total data indexed 18600000
[2022-01-12 15:01:48,394][root][INFO] - data indexed 18650000
[2022-01-12 15:01:48,394][root][INFO] - Total data indexed 18650000
[2022-01-12 15:01:49,370][root][INFO] - data indexed 18700000
[2022-01-12 15:01:49,371][root][INFO] - Total data indexed 18700000
[2022-01-12 15:01:50,345][root][INFO] - data indexed 18750000
[2022-01-12 15:01:50,345][root][INFO] - Total data indexed 18750000
[2022-01-12 15:01:50,645][root][INFO] - data indexed 18800000
[2022-01-12 15:01:50,645][root][INFO] - Total data indexed 18800000
[2022-01-12 15:01:51,622][root][INFO] - data indexed 18850000
[2022-01-12 15:01:51,622][root][INFO] - Total data indexed 18850000
[2022-01-12 15:01:51,919][root][INFO] - data indexed 18900000
[2022-01-12 15:01:51,919][root][INFO] - Total data indexed 18900000
[2022-01-12 15:01:51,937][root][INFO] - Reading file /data1/jongho/nq/embeddings/dpr_biencoder.35_9
[2022-01-12 15:02:12,774][root][INFO] - data indexed 18950000
[2022-01-12 15:02:12,774][root][INFO] - Total data indexed 18950000
[2022-01-12 15:02:13,855][root][INFO] - data indexed 19000000
[2022-01-12 15:02:13,855][root][INFO] - Total data indexed 19000000
[2022-01-12 15:02:14,132][root][INFO] - data indexed 19050000
[2022-01-12 15:02:14,132][root][INFO] - Total data indexed 19050000
[2022-01-12 15:02:15,104][root][INFO] - data indexed 19100000
[2022-01-12 15:02:15,104][root][INFO] - Total data indexed 19100000
[2022-01-12 15:02:15,378][root][INFO] - data indexed 19150000
[2022-01-12 15:02:15,379][root][INFO] - Total data indexed 19150000
[2022-01-12 15:02:16,337][root][INFO] - data indexed 19200000
[2022-01-12 15:02:16,337][root][INFO] - Total data indexed 19200000
[2022-01-12 15:02:16,613][root][INFO] - data indexed 19250000
[2022-01-12 15:02:16,613][root][INFO] - Total data indexed 19250000
[2022-01-12 15:02:17,588][root][INFO] - data indexed 19300000
[2022-01-12 15:02:17,588][root][INFO] - Total data indexed 19300000
[2022-01-12 15:02:17,868][root][INFO] - data indexed 19350000
[2022-01-12 15:02:17,868][root][INFO] - Total data indexed 19350000
[2022-01-12 15:02:18,842][root][INFO] - data indexed 19400000
[2022-01-12 15:02:18,842][root][INFO] - Total data indexed 19400000
[2022-01-12 15:02:19,832][root][INFO] - data indexed 19450000
[2022-01-12 15:02:19,832][root][INFO] - Total data indexed 19450000
[2022-01-12 15:02:20,106][root][INFO] - data indexed 19500000
[2022-01-12 15:02:20,106][root][INFO] - Total data indexed 19500000
[2022-01-12 15:02:21,095][root][INFO] - data indexed 19550000
[2022-01-12 15:02:21,096][root][INFO] - Total data indexed 19550000
[2022-01-12 15:02:21,371][root][INFO] - data indexed 19600000
[2022-01-12 15:02:21,371][root][INFO] - Total data indexed 19600000
[2022-01-12 15:02:22,388][root][INFO] - data indexed 19650000
[2022-01-12 15:02:22,389][root][INFO] - Total data indexed 19650000
[2022-01-12 15:02:22,681][root][INFO] - data indexed 19700000
[2022-01-12 15:02:22,681][root][INFO] - Total data indexed 19700000
[2022-01-12 15:02:23,695][root][INFO] - data indexed 19750000
[2022-01-12 15:02:23,695][root][INFO] - Total data indexed 19750000
[2022-01-12 15:02:23,996][root][INFO] - data indexed 19800000
[2022-01-12 15:02:23,997][root][INFO] - Total data indexed 19800000
[2022-01-12 15:02:25,008][root][INFO] - data indexed 19850000
[2022-01-12 15:02:25,009][root][INFO] - Total data indexed 19850000
[2022-01-12 15:02:25,308][root][INFO] - data indexed 19900000
[2022-01-12 15:02:25,308][root][INFO] - Total data indexed 19900000
[2022-01-12 15:02:26,320][root][INFO] - data indexed 19950000
[2022-01-12 15:02:26,320][root][INFO] - Total data indexed 19950000
[2022-01-12 15:02:26,616][root][INFO] - data indexed 20000000
[2022-01-12 15:02:26,616][root][INFO] - Total data indexed 20000000
[2022-01-12 15:02:27,618][root][INFO] - data indexed 20050000
[2022-01-12 15:02:27,619][root][INFO] - Total data indexed 20050000
[2022-01-12 15:02:28,697][root][INFO] - data indexed 20100000
[2022-01-12 15:02:28,697][root][INFO] - Total data indexed 20100000
[2022-01-12 15:02:28,994][root][INFO] - data indexed 20150000
[2022-01-12 15:02:28,995][root][INFO] - Total data indexed 20150000
[2022-01-12 15:02:30,021][root][INFO] - data indexed 20200000
[2022-01-12 15:02:30,021][root][INFO] - Total data indexed 20200000
[2022-01-12 15:02:30,322][root][INFO] - data indexed 20250000
[2022-01-12 15:02:30,322][root][INFO] - Total data indexed 20250000
[2022-01-12 15:02:31,351][root][INFO] - data indexed 20300000
[2022-01-12 15:02:31,351][root][INFO] - Total data indexed 20300000
[2022-01-12 15:02:31,649][root][INFO] - data indexed 20350000
[2022-01-12 15:02:31,649][root][INFO] - Total data indexed 20350000
[2022-01-12 15:02:32,671][root][INFO] - data indexed 20400000
[2022-01-12 15:02:32,671][root][INFO] - Total data indexed 20400000
[2022-01-12 15:02:32,965][root][INFO] - data indexed 20450000
[2022-01-12 15:02:32,965][root][INFO] - Total data indexed 20450000
[2022-01-12 15:02:33,989][root][INFO] - data indexed 20500000
[2022-01-12 15:02:33,990][root][INFO] - Total data indexed 20500000
[2022-01-12 15:02:34,281][root][INFO] - data indexed 20550000
[2022-01-12 15:02:34,282][root][INFO] - Total data indexed 20550000
[2022-01-12 15:02:35,317][root][INFO] - data indexed 20600000
[2022-01-12 15:02:35,318][root][INFO] - Total data indexed 20600000
[2022-01-12 15:02:35,608][root][INFO] - data indexed 20650000
[2022-01-12 15:02:35,609][root][INFO] - Total data indexed 20650000
[2022-01-12 15:02:36,622][root][INFO] - data indexed 20700000
[2022-01-12 15:02:36,623][root][INFO] - Total data indexed 20700000
[2022-01-12 15:02:36,920][root][INFO] - data indexed 20750000
[2022-01-12 15:02:36,920][root][INFO] - Total data indexed 20750000
[2022-01-12 15:02:38,098][root][INFO] - data indexed 20800000
[2022-01-12 15:02:38,099][root][INFO] - Total data indexed 20800000
[2022-01-12 15:02:39,294][root][INFO] - data indexed 20850000
[2022-01-12 15:02:39,295][root][INFO] - Total data indexed 20850000
[2022-01-12 15:02:39,589][root][INFO] - data indexed 20900000
[2022-01-12 15:02:39,590][root][INFO] - Total data indexed 20900000
[2022-01-12 15:02:40,651][root][INFO] - data indexed 20950000
[2022-01-12 15:02:40,651][root][INFO] - Total data indexed 20950000
[2022-01-12 15:02:40,943][root][INFO] - data indexed 21000000
[2022-01-12 15:02:40,943][root][INFO] - Total data indexed 21000000
[2022-01-12 15:02:42,010][root][INFO] - data indexed 21015324
[2022-01-12 15:02:42,011][root][INFO] - Total data indexed 21015324
[2022-01-12 15:02:42,011][root][INFO] - Data indexing completed.
[2022-01-12 15:04:05,505][root][INFO] - index search time: 83.483772 sec.
[2022-01-12 15:04:05,506][dpr.data.download_data][INFO] - Requested resource from https://dl.fbaipublicfiles.com/dpr/wikipedia_split/psgs_w100.tsv.gz
[2022-01-12 15:04:05,506][dpr.data.download_data][INFO] - Download root_dir /root/DPR
[2022-01-12 15:04:05,506][dpr.data.download_data][INFO] - File to be downloaded as /root/DPR/downloads/data/wikipedia_split/psgs_w100.tsv
[2022-01-12 15:04:05,506][dpr.data.download_data][INFO] - File already exist /root/DPR/downloads/data/wikipedia_split/psgs_w100.tsv
[2022-01-12 15:07:39,581][dpr.data.qa_validation][INFO] - dpr_all_documents size 21015324
[2022-01-12 15:08:07,280][dpr.data.qa_validation][INFO] - Matching answers in top docs...
[2022-01-12 15:08:12,282][dpr.data.qa_validation][INFO] - Per question validation results len=3610
[2022-01-12 15:08:14,608][root][INFO] - Validation results: top k documents hits [1583, 1999, 2206, 2334, 2435, 2513, 2565, 2606, 2636, 2668, 2692, 2718, 2743, 2756, 2771, 2792, 2798, 2813, 2823, 2832, 2843, 2853, 2865, 2875, 2884, 2895, 2904, 2911, 2919, 2925, 2930, 2939, 2944, 2950, 2952, 2960, 2966, 2971, 2975, 2980, 2983, 2987, 2991, 2992, 2996, 2997, 2998, 3001, 3005, 3009, 3011, 3012, 3013, 3014, 3017, 3022, 3025, 3028, 3031, 3034, 3038, 3044, 3045, 3046, 3047, 3049, 3052, 3056, 3059, 3062, 3064, 3064, 3065, 3067, 3067, 3070, 3073, 3078, 3079, 3079, 3080, 3084, 3085, 3085, 3087, 3087, 3090, 3090, 3092, 3092, 3093, 3093, 3094, 3094, 3096, 3097, 3099, 3100, 3100, 3100]
[2022-01-12 15:08:14,609][root][INFO] - Validation results: top k documents hits accuracy [0.43850415512465374, 0.5537396121883656, 0.6110803324099723, 0.6465373961218837, 0.6745152354570637, 0.6961218836565097, 0.7105263157894737, 0.7218836565096953, 0.7301939058171745, 0.7390581717451523, 0.7457063711911357, 0.7529085872576178, 0.7598337950138504, 0.7634349030470914, 0.7675900277008311, 0.7734072022160665, 0.7750692520775623, 0.779224376731302, 0.781994459833795, 0.7844875346260388, 0.7875346260387812, 0.7903047091412743, 0.7936288088642659, 0.796398891966759, 0.7988919667590028, 0.8019390581717452, 0.804432132963989, 0.8063711911357341, 0.8085872576177285, 0.8102493074792244, 0.8116343490304709, 0.8141274238227146, 0.8155124653739613, 0.817174515235457, 0.8177285318559557, 0.8199445983379502, 0.821606648199446, 0.8229916897506925, 0.8240997229916898, 0.8254847645429363, 0.8263157894736842, 0.8274238227146814, 0.8285318559556787, 0.8288088642659279, 0.8299168975069252, 0.8301939058171746, 0.8304709141274238, 0.8313019390581717, 0.832409972299169, 0.8335180055401662, 0.8340720221606648, 0.8343490304709141, 0.8346260387811635, 0.8349030470914127, 0.8357340720221607, 0.8371191135734072, 0.8379501385041551, 0.838781163434903, 0.839612188365651, 0.8404432132963989, 0.8415512465373961, 0.843213296398892, 0.8434903047091413, 0.8437673130193906, 0.8440443213296399, 0.8445983379501385, 0.8454293628808864, 0.8465373961218836, 0.8473684210526315, 0.8481994459833795, 0.8487534626038781, 0.8487534626038781, 0.8490304709141274, 0.849584487534626, 0.849584487534626, 0.850415512465374, 0.8512465373961219, 0.8526315789473684, 0.8529085872576178, 0.8529085872576178, 0.853185595567867, 0.8542936288088643, 0.8545706371191135, 0.8545706371191135, 0.8551246537396122, 0.8551246537396122, 0.8559556786703602, 0.8559556786703602, 0.8565096952908587, 0.8565096952908587, 0.856786703601108, 0.856786703601108, 0.8570637119113573, 0.8570637119113573, 0.8576177285318559, 0.8578947368421053, 0.8584487534626039, 0.8587257617728532, 0.8587257617728532, 0.8587257617728532]
[2022-01-12 15:08:19,902][root][INFO] - Saved results * scores  to ./nq_eval
